V |                      | ArgumentsFromParametersFile.OnBuildCreated (150)
V |                      | HandleReSharperSurrogateArguments.OnBuildCreated (150)
V |                      | InjectParameterValues.OnBuildCreated (100)
V |                      | HandleShellCompletion.OnBuildCreated (75)
V |                      | GenerateBuildServerConfigurations.OnBuildCreated (50)
V |                      | InvokeBuildServerConfigurationGeneration.OnBuildCreated (45)
V |                      | UpdateNotification.OnBuildCreated (10)
V |                      | UnsetVisualStudioEnvironmentVariables.OnBuildCreated (0)
V |                      | HandleVisualStudioDebugging.OnBuildCreated (0)
V |                      | EventInvoker.OnBuildCreated (-3.4028235E+38)
V |                      | HandlePlanRequests.OnBuildInitialized (10)
V |                      | HandleHelpRequests.OnBuildInitialized (5)
V |                      | Telemetry.OnBuildInitialized (0)
V |                      | Sending BuildStarted telemetry event ...
V |                      |   build_components         = 
V |                      |   build_type               = Project
V |                      |   compile_time             = 6
V |                      |   config_generators        = 
V |                      |   host                     = VSCode
V |                      |   num_custom_components    = 0
V |                      |   num_custom_extensions    = 0
V |                      |   num_partitioned_targets  = 0
V |                      |   num_secrets              = 0
V |                      |   num_targets              = 8
V |                      |   os_architecture          = X64
V |                      |   os_platform              = Linux
V |                      |   repo_branch              = main
V |                      |   repo_commit              = 543925
V |                      |   repo_provider            = <null>
V |                      |   repo_url                 = <null>
V |                      |   target_framework         = .NETCoreApp,Version=v9.0
V |                      |   version_dotnet_sdk       = 9.0.109
V |                      |   version_nuke_common      = 9.0.4
V |                      |   version_nuke_global_tool = 9.0.4
V |                      | InjectNonParameterValues.OnBuildInitialized (-100)
I |                      | > /usr/bin/dotnet /home/maratsh/.nuget/packages/gitversion.tool/5.12.0/tools/net6.0/any/gitversion.dll /nocache
V |                      | @ /home/maratsh/workspaces/getsecure-net
W |                      | Could not inject value for Build.GitVersion
Nuke.Common.Tooling.ProcessException: Process 'dotnet' exited with code 1.
   > /usr/bin/dotnet /home/maratsh/.nuget/packages/gitversion.tool/5.12.0/tools/net6.0/any/gitversion.dll /nocache
   @ /home/maratsh/workspaces/getsecure-net
Standard output:
   INFO [09/16/25 15:21:05:24] Applicable build agent found: 'LocalBuild'.
   INFO [09/16/25 15:21:05:32] Working directory: /home/maratsh/workspaces/getsecure-net
   INFO [09/16/25 15:21:05:35] Project root is: /home/maratsh/workspaces/getsecure-net/
   INFO [09/16/25 15:21:05:35] DotGit directory is: /home/maratsh/workspaces/getsecure-net/.git
   INFO [09/16/25 15:21:05:35] Branch from build environment: 
   INFO [09/16/25 15:21:05:39] Using latest commit on specified branch
   INFO [09/16/25 15:21:05:56] Running against branch: main (d3a4d0c feat: fist version)
   INFO [09/16/25 15:21:05:56] Begin: Calculating base versions
     INFO [09/16/25 15:21:05:57] No branch configuration found for branch main, falling back to default configuration
     INFO [09/16/25 15:21:05:57] Begin: Attempting to inherit branch configuration from parent branch
       INFO [09/16/25 15:21:05:58] Begin: Finding branch source of 'main'
       INFO [09/16/25 15:21:05:60] End: Finding branch source of 'main' (Took: 8.73ms)
       INFO [09/16/25 15:21:05:60] Begin: Getting branches containing the commit 'd3a4d0c'.
         INFO [09/16/25 15:21:05:60] Trying to find direct branches.
         INFO [09/16/25 15:21:05:60] No direct branches found, searching through all branches.
       INFO [09/16/25 15:21:05:60] End: Getting branches containing the commit 'd3a4d0c'. (Took: 0.42ms)
       INFO [09/16/25 15:21:05:60] Found possible parent branches: 
     INFO [09/16/25 15:21:05:61] End: Attempting to inherit branch configuration from parent branch (Took: 35.69ms)
     INFO [09/16/25 15:21:05:61] End: Calculating base versions (Took: 43.87ms)
     ERROR [09/16/25 15:21:05:63] An unexpected error occurred:
   System.InvalidOperationException: Gitversion could not determine which branch to treat as the development branch (default is 'develop') nor release-able branch (default is 'main' or 'master'), either locally or remotely. Ensure the local clone and checkout match the requirements or considering using 'GitVersion Dynamic Repositories'
      at GitVersion.Configuration.BranchConfigurationCalculator.InheritBranchConfiguration(Int32 recursions, IBranch targetBranch, BranchConfig branchConfiguration, ICommit currentCommit, Config configuration, IList`1 excludedInheritBranches) in D:\a\GitVersion\GitVersion\src\GitVersion.Core\Configuration\BranchConfigurationCalculator.cs:line 150
      at GitVersion.Configuration.BranchConfigurationCalculator.GetBranchConfigurationInternal(Int32 recursions, IBranch targetBranch, ICommit currentCommit, Config configuration, IList`1 excludedInheritBranches) in D:\a\GitVersion\GitVersion\src\GitVersion.Core\Configuration\BranchConfigurationCalculator.cs:line 54
      at GitVersion.Configuration.BranchConfigurationCalculator.GetBranchConfiguration(IBranch targetBranch, ICommit currentCommit, Config configuration, IList`1 excludedInheritBranches) in D:\a\GitVersion\GitVersion\src\GitVersion.Core\Configuration\BranchConfigurationCalculator.cs:line 28
      at GitVersion.VersionCalculation.BaseVersionCalculator.GetBaseVersion() in D:\a\GitVersion\GitVersion\src\GitVersion.Core\VersionCalculation\BaseVersionCalculator.cs:line 37
      at GitVersion.VersionCalculation.NextVersionCalculator.FindVersion() in D:\a\GitVersion\GitVersion\src\GitVersion.Core\VersionCalculation\NextVersionCalculator.cs:line 56
      at GitVersion.GitVersionCalculateTool.CalculateVersionVariables() in D:\a\GitVersion\GitVersion\src\GitVersion.Core\Core\GitVersionCalculateTool.cs:line 52
      at GitVersion.GitVersionExecutor.RunGitVersionTool(GitVersionOptions gitVersionOptions) in D:\a\GitVersion\GitVersion\src\GitVersion.App\GitVersionExecutor.cs:line 66
     INFO [09/16/25 15:21:05:63] Attempting to show the current git graph (please include in issue): 
     INFO [09/16/25 15:21:05:63] Showing max of 100 commits
     INFO [09/16/25 15:21:05:65] * d3a4d0c 74 minutes ago  (HEAD -> main)
   * f73b088 74 minutes ago 
   

   at Nuke.Common.Tooling.ProcessExtensions.AssertZeroExitCode(IProcess process) in /_/source/Nuke.Tooling/ProcessExtensions.cs:line 38
   at Nuke.Common.Tooling.ToolTasks.<>c.<GetExitHandler>b__4_0(ToolOptions _, IProcess p) in /_/source/Nuke.Tooling/ToolTasks.ExitHandler.cs:line 27
   at Nuke.Common.Tooling.ToolTasks.<>c__DisplayClass8_0.<GetExitHandlerInternal>b__3(ToolOptions o, IProcess p) in /_/source/Nuke.Tooling/ToolTasks.ExitHandler.cs:line 22
   at Nuke.Common.Tooling.ToolTasks.Run[T](T options) in /_/source/Nuke.Tooling/ToolTasks.Run.cs:line 36
   at Nuke.Common.Tooling.ToolTasks.Run[TOptions,TResult](TOptions options) in /_/source/Nuke.Tooling/ToolTasks.Run.cs:line 45
   at Nuke.Common.Tools.GitVersion.GitVersionTasks.GitVersion(Configure`1 configurator) in /_/source/Nuke.Common/Tools/GitVersion/GitVersion.Generated.cs:line 35
   at Nuke.Common.Tools.GitVersion.GitVersionAttribute.GetValue(MemberInfo member, Object instance) in /_/source/Nuke.Common/Tools/GitVersion/GitVersionAttribute.cs:line 48
   at Nuke.Common.ValueInjection.ValueInjectionAttributeBase.TryGetValue(MemberInfo member, Object instance) in /_/source/Nuke.Build/Execution/Extensibility/ValueInjectionAttributeBase.cs:line 26
V |                      | EventInvoker.OnBuildInitialized (-3.4028235E+38)
V | Restore              | EventInvoker.OnTargetRunning (-3.4028235E+38)
I | Restore              | > /usr/bin/dotnet restore /home/maratsh/workspaces/getsecure-net/GetSecure.sln
V | Restore              | @ /home/maratsh/workspaces/getsecure-net
D | Restore              |   Determining projects to restore...
D | Restore              |   All projects are up-to-date for restore.
V | Restore              | Telemetry.OnTargetSucceeded (0)
V | Restore              | Sending TargetSucceeded telemetry event ...
V | Restore              |   build_components         = 
V | Restore              |   build_type               = Project
V | Restore              |   compile_time             = 227
V | Restore              |   config_generators        = 
V | Restore              |   host                     = VSCode
V | Restore              |   num_custom_components    = 0
V | Restore              |   num_custom_extensions    = 0
V | Restore              |   num_partitioned_targets  = 0
V | Restore              |   num_secrets              = 0
V | Restore              |   num_targets              = 8
V | Restore              |   os_architecture          = X64
V | Restore              |   os_platform              = Linux
V | Restore              |   repo_branch              = main
V | Restore              |   repo_commit              = 543925
V | Restore              |   repo_provider            = <null>
V | Restore              |   repo_url                 = <null>
V | Restore              |   target_current_partition = 1
V | Restore              |   target_duration          = 1
V | Restore              |   target_framework         = .NETCoreApp,Version=v9.0
V | Restore              |   target_name              = Restore
V | Restore              |   target_total_partitions  = 1
V | Restore              |   version_dotnet_sdk       = 9.0.109
V | Restore              |   version_nuke_common      = 9.0.4
V | Restore              |   version_nuke_global_tool = 9.0.4
V | Restore              | EventInvoker.OnTargetSucceeded (-3.4028235E+38)
V | Compile              | EventInvoker.OnTargetRunning (-3.4028235E+38)
I | Compile              | > /usr/bin/dotnet build /home/maratsh/workspaces/getsecure-net/GetSecure.sln --configuration Debug --no-restore
V | Compile              | @ /home/maratsh/workspaces/getsecure-net
D | Compile              |   GetSecure.Core -> /home/maratsh/workspaces/getsecure-net/sdk/GetSecure.Core/bin/Debug/net9.0/GetSecure.Core.dll
D | Compile              |   GetSecure.Core.Tests -> /home/maratsh/workspaces/getsecure-net/tests/GetSecure.Core.Tests/bin/Debug/net9.0/GetSecure.Core.Tests.dll
D | Compile              |   GetSecure.CLI -> /home/maratsh/workspaces/getsecure-net/sdk/GetSecure.CLI/bin/Debug/net9.0/GetSecure.CLI.dll
D | Compile              |   GetSecure.CLI.Tests -> /home/maratsh/workspaces/getsecure-net/tests/GetSecure.CLI.Tests/bin/Debug/net9.0/GetSecure.CLI.Tests.dll
D | Compile              | 
D | Compile              | Build succeeded.
D | Compile              |     0 Warning(s)
D | Compile              |     0 Error(s)
D | Compile              | 
D | Compile              | Time Elapsed 00:00:01.01
V | Compile              | Telemetry.OnTargetSucceeded (0)
V | Compile              | Sending TargetSucceeded telemetry event ...
V | Compile              |   build_components         = 
V | Compile              |   build_type               = Project
V | Compile              |   compile_time             = 229
V | Compile              |   config_generators        = 
V | Compile              |   host                     = VSCode
V | Compile              |   num_custom_components    = 0
V | Compile              |   num_custom_extensions    = 0
V | Compile              |   num_partitioned_targets  = 0
V | Compile              |   num_secrets              = 0
V | Compile              |   num_targets              = 8
V | Compile              |   os_architecture          = X64
V | Compile              |   os_platform              = Linux
V | Compile              |   repo_branch              = main
V | Compile              |   repo_commit              = 543925
V | Compile              |   repo_provider            = <null>
V | Compile              |   repo_url                 = <null>
V | Compile              |   target_current_partition = 1
V | Compile              |   target_duration          = 1
V | Compile              |   target_framework         = .NETCoreApp,Version=v9.0
V | Compile              |   target_name              = Compile
V | Compile              |   target_total_partitions  = 1
V | Compile              |   version_dotnet_sdk       = 9.0.109
V | Compile              |   version_nuke_common      = 9.0.4
V | Compile              |   version_nuke_global_tool = 9.0.4
V | Compile              | EventInvoker.OnTargetSucceeded (-3.4028235E+38)
V | Pack                 | EventInvoker.OnTargetRunning (-3.4028235E+38)
I | Pack                 | > /usr/bin/dotnet pack /home/maratsh/workspaces/getsecure-net/GetSecure.sln --configuration Debug --output /home/maratsh/workspaces/getsecure-net/output/packages --no-build --no-restore
V | Pack                 | @ /home/maratsh/workspaces/getsecure-net
W | Pack                 | /usr/share/dotnet/sdk/9.0.109/Sdks/NuGet.Build.Tasks.Pack/build/NuGet.Build.Tasks.Pack.targets(221,5): warning NU5104: A stable release of a package should not have a prerelease dependency. Either modify the version spec of dependency "System.CommandLine [2.0.0-beta4.22272.1, )" or update the version field in the nuspec. [/home/maratsh/workspaces/getsecure-net/sdk/GetSecure.CLI/GetSecure.CLI.csproj]
D | Pack                 |   The package GetSecure.CLI.1.0.0 is missing a readme. Go to https://aka.ms/nuget/authoring-best-practices/readme to learn why package readmes are important.
D | Pack                 |   Successfully created package '/home/maratsh/workspaces/getsecure-net/output/packages/GetSecure.CLI.1.0.0.nupkg'.
D | Pack                 |   The package GetSecure.Core.1.0.0 is missing a readme. Go to https://aka.ms/nuget/authoring-best-practices/readme to learn why package readmes are important.
D | Pack                 |   Successfully created package '/home/maratsh/workspaces/getsecure-net/output/packages/GetSecure.Core.1.0.0.nupkg'.
V | Pack                 | Telemetry.OnTargetSucceeded (0)
V | Pack                 | EventInvoker.OnTargetSucceeded (-3.4028235E+38)
V | Publish              | EventInvoker.OnTargetRunning (-3.4028235E+38)
I | Publish              | > /usr/bin/dotnet nuget push /home/maratsh/workspaces/getsecure-net/output/packages/GetSecure.CLI.1.0.0.nupkg --source https://api.nuget.org/v3/index.json --api-key [REDACTED]
V | Publish              | @ /home/maratsh/workspaces/getsecure-net
D | Publish              | Pushing GetSecure.CLI.1.0.0.nupkg to 'https://www.nuget.org/api/v2/package'...
D | Publish              |   PUT https://www.nuget.org/api/v2/package/
D | Publish              | warn : Readme missing. Go to https://aka.ms/nuget-include-readme learn How to include a readme file within the package.
D | Publish              |   Created https://www.nuget.org/api/v2/package/ 1575ms
D | Publish              | Your package was pushed.
I | Publish              | > /usr/bin/dotnet nuget push /home/maratsh/workspaces/getsecure-net/output/packages/GetSecure.Core.1.0.0.nupkg --source https://api.nuget.org/v3/index.json --api-key [REDACTED]
V | Publish              | @ /home/maratsh/workspaces/getsecure-net
D | Publish              | Pushing GetSecure.Core.1.0.0.nupkg to 'https://www.nuget.org/api/v2/package'...
D | Publish              |   PUT https://www.nuget.org/api/v2/package/
D | Publish              | warn : Readme missing. Go to https://aka.ms/nuget-include-readme learn How to include a readme file within the package.
D | Publish              |   Created https://www.nuget.org/api/v2/package/ 1560ms
D | Publish              | Your package was pushed.
V | Publish              | Telemetry.OnTargetSucceeded (0)
V | Publish              | EventInvoker.OnTargetSucceeded (-3.4028235E+38)
